<?xml version="1.0" encoding="UTF-8"?>
<coverage generated="1535887201130" clover="3.2.0">
  <project timestamp="1535887201130" name="All files">
    <metrics statements="19" coveredstatements="5" conditionals="4" coveredconditionals="0" methods="5" coveredmethods="0" elements="28" coveredelements="5" complexity="0" loc="19" ncloc="19" packages="1" files="2" classes="2">
      <file name="config.js" path="/Users/guan/Projects/guan/todomvc/store/config.js">
        <metrics statements="17" coveredstatements="3" conditionals="4" coveredconditionals="0" methods="4" coveredmethods="0"/>
        <line num="3" count="1" type="stmt"/>
        <line num="11" count="0" type="stmt"/>
        <line num="14" count="0" type="stmt"/>
        <line num="17" count="0" type="stmt"/>
        <line num="23" count="1" type="stmt"/>
        <line num="26" count="1" type="stmt"/>
        <line num="29" count="0" type="stmt"/>
        <line num="30" count="0" type="stmt"/>
        <line num="33" count="0" type="stmt"/>
        <line num="34" count="0" type="stmt"/>
        <line num="40" count="0" type="stmt"/>
        <line num="43" count="0" type="stmt"/>
        <line num="46" count="0" type="stmt"/>
        <line num="49" count="0" type="stmt"/>
        <line num="50" count="0" type="stmt"/>
        <line num="53" count="0" type="stmt"/>
        <line num="56" count="0" type="cond" truecount="0" falsecount="4"/>
      </file>
      <file name="index.js" path="/Users/guan/Projects/guan/todomvc/store/index.js">
        <metrics statements="2" coveredstatements="2" conditionals="0" coveredconditionals="0" methods="1" coveredmethods="0"/>
        <line num="7" count="1" type="stmt"/>
        <line num="9" count="1" type="stmt"/>
      </file>
    </metrics>
  </project>
</coverage>
