{"/Users/guan/Projects/guan/todomvc/store/config.js": {"path":"/Users/guan/Projects/guan/todomvc/store/config.js","statementMap":{"0":{"start":{"line":3,"column":15},"end":{"line":59,"column":1}},"1":{"start":{"line":11,"column":6},"end":{"line":11,"column":24}},"2":{"start":{"line":14,"column":6},"end":{"line":14,"column":56}},"3":{"start":{"line":14,"column":40},"end":{"line":14,"column":55}},"4":{"start":{"line":17,"column":6},"end":{"line":17,"column":55}},"5":{"start":{"line":17,"column":40},"end":{"line":17,"column":54}},"6":{"start":{"line":23,"column":6},"end":{"line":23,"column":25}},"7":{"start":{"line":26,"column":6},"end":{"line":26,"column":28}},"8":{"start":{"line":29,"column":14},"end":{"line":29,"column":39}},"9":{"start":{"line":30,"column":6},"end":{"line":30,"column":30}},"10":{"start":{"line":33,"column":6},"end":{"line":35,"column":8}},"11":{"start":{"line":34,"column":8},"end":{"line":34,"column":31}},"12":{"start":{"line":40,"column":6},"end":{"line":40,"column":30}},"13":{"start":{"line":43,"column":6},"end":{"line":43,"column":32}},"14":{"start":{"line":46,"column":6},"end":{"line":46,"column":33}},"15":{"start":{"line":49,"column":18},"end":{"line":49,"column":90}},"16":{"start":{"line":49,"column":45},"end":{"line":49,"column":59}},"17":{"start":{"line":50,"column":6},"end":{"line":50,"column":35}},"18":{"start":{"line":53,"column":6},"end":{"line":53,"column":53}},"19":{"start":{"line":56,"column":6},"end":{"line":56,"column":71}}},"fnMap":{"0":{"name":"(anonymous_0)","decl":{"start":{"line":14,"column":32},"end":{"line":14,"column":33}},"loc":{"start":{"line":14,"column":40},"end":{"line":14,"column":55}},"line":14},"1":{"name":"(anonymous_1)","decl":{"start":{"line":17,"column":32},"end":{"line":17,"column":33}},"loc":{"start":{"line":17,"column":40},"end":{"line":17,"column":54}},"line":17},"2":{"name":"(anonymous_2)","decl":{"start":{"line":33,"column":26},"end":{"line":33,"column":27}},"loc":{"start":{"line":33,"column":36},"end":{"line":35,"column":7}},"line":33},"3":{"name":"(anonymous_3)","decl":{"start":{"line":49,"column":37},"end":{"line":49,"column":38}},"loc":{"start":{"line":49,"column":45},"end":{"line":49,"column":59}},"line":49}},"branchMap":{"0":{"loc":{"start":{"line":56,"column":26},"end":{"line":56,"column":70}},"type":"cond-expr","locations":[{"start":{"line":56,"column":41},"end":{"line":56,"column":64}},{"start":{"line":56,"column":68},"end":{"line":56,"column":70}}],"line":56},"1":{"loc":{"start":{"line":56,"column":41},"end":{"line":56,"column":64}},"type":"binary-expr","locations":[{"start":{"line":56,"column":41},"end":{"line":56,"column":58}},{"start":{"line":56,"column":62},"end":{"line":56,"column":64}}],"line":56}},"s":{"0":1,"1":0,"2":0,"3":0,"4":0,"5":0,"6":1,"7":1,"8":0,"9":0,"10":0,"11":0,"12":0,"13":0,"14":0,"15":0,"16":0,"17":0,"18":0,"19":0},"f":{"0":0,"1":0,"2":0,"3":0},"b":{"0":[0,0],"1":[0,0]},"_coverageSchema":"332fd63041d2c1bcb487cc26dd0d5f7d97098a6c","hash":"c7d8da73731942c27f404ebadd984364ed32a3c3"}
,"/Users/guan/Projects/guan/todomvc/store/index.js": {"path":"/Users/guan/Projects/guan/todomvc/store/index.js","statementMap":{"0":{"start":{"line":7,"column":0},"end":{"line":7,"column":13}},"1":{"start":{"line":9,"column":14},"end":{"line":9,"column":42}},"2":{"start":{"line":9,"column":20},"end":{"line":9,"column":42}}},"fnMap":{"0":{"name":"(anonymous_0)","decl":{"start":{"line":9,"column":14},"end":{"line":9,"column":15}},"loc":{"start":{"line":9,"column":20},"end":{"line":9,"column":42}},"line":9}},"branchMap":{},"s":{"0":1,"1":1,"2":0},"f":{"0":0},"b":{},"_coverageSchema":"332fd63041d2c1bcb487cc26dd0d5f7d97098a6c","hash":"16429434846391b2756efe9690db23992fc8c011"}
}
